This is pdfTeX, Version 3.14159265-2.6-1.40.18 (MiKTeX 2.9.6500 64-bit) (preloaded format=pdflatex 2018.9.15)  4 APR 2022 20:57
entering extended mode
**"./ECE 650 - Project Report.tex"
("ECE 650 - Project Report.tex"
LaTeX2e <2017-04-15>
Babel <3.15> and hyphenation patterns for 75 language(s) loaded.
(llncs.cls
Document Class: llncs 2018/03/10 v2.20 
 LaTeX document class for Lecture Notes in Computer Science
("C:\Program Files\MiKTeX 2.9\tex\latex\base\article.cls"
Document Class: article 2014/09/29 v1.4h Standard LaTeX document class
("C:\Program Files\MiKTeX 2.9\tex\latex\base\size11.clo"
File: size11.clo 2014/09/29 v1.4h Standard LaTeX file (size option)
)
\c@part=\count79
\c@section=\count80
\c@subsection=\count81
\c@subsubsection=\count82
\c@paragraph=\count83
\c@subparagraph=\count84
\c@figure=\count85
\c@table=\count86
\abovecaptionskip=\skip41
\belowcaptionskip=\skip42
\bibindent=\dimen102
)
("C:\Program Files\MiKTeX 2.9\tex\latex\tools\multicol.sty"
Package: multicol 2017/04/11 v1.8q multicolumn formatting (FMi)
\c@tracingmulticols=\count87
\mult@box=\box26
\multicol@leftmargin=\dimen103
\c@unbalance=\count88
\c@collectmore=\count89
\doublecol@number=\count90
\multicoltolerance=\count91
\multicolpretolerance=\count92
\full@width=\dimen104
\page@free=\dimen105
\premulticols=\dimen106
\postmulticols=\dimen107
\multicolsep=\skip43
\multicolbaselineskip=\skip44
\partial@page=\box27
\last@line=\box28
\maxbalancingoverflow=\dimen108
\mult@rightbox=\box29
\mult@grightbox=\box30
\mult@gfirstbox=\box31
\mult@firstbox=\box32
\@tempa=\box33
\@tempa=\box34
\@tempa=\box35
\@tempa=\box36
\@tempa=\box37
\@tempa=\box38
\@tempa=\box39
\@tempa=\box40
\@tempa=\box41
\@tempa=\box42
\@tempa=\box43
\@tempa=\box44
\@tempa=\box45
\@tempa=\box46
\@tempa=\box47
\@tempa=\box48
\@tempa=\box49
\c@columnbadness=\count93
\c@finalcolumnbadness=\count94
\last@try=\dimen109
\multicolovershoot=\dimen110
\multicolundershoot=\dimen111
\mult@nat@firstbox=\box50
\colbreak@box=\box51
\mc@col@check@num=\count95
)
("C:\Program Files\MiKTeX 2.9\tex\latex\oberdiek\aliascnt.sty"
Package: aliascnt 2016/05/16 v1.4 Alias counters (HO)

("C:\Program Files\MiKTeX 2.9\tex\latex\carlisle\remreset.sty"))
\c@chapter=\count96
LaTeX Font Info:    Redeclaring math symbol \Gamma on input line 362.
LaTeX Font Info:    Redeclaring math symbol \Delta on input line 363.
LaTeX Font Info:    Redeclaring math symbol \Theta on input line 364.
LaTeX Font Info:    Redeclaring math symbol \Lambda on input line 365.
LaTeX Font Info:    Redeclaring math symbol \Xi on input line 366.
LaTeX Font Info:    Redeclaring math symbol \Pi on input line 367.
LaTeX Font Info:    Redeclaring math symbol \Sigma on input line 368.
LaTeX Font Info:    Redeclaring math symbol \Upsilon on input line 369.
LaTeX Font Info:    Redeclaring math symbol \Phi on input line 370.
LaTeX Font Info:    Redeclaring math symbol \Psi on input line 371.
LaTeX Font Info:    Redeclaring math symbol \Omega on input line 372.
\tocchpnum=\dimen112
\tocsecnum=\dimen113
\tocsectotal=\dimen114
\tocsubsecnum=\dimen115
\tocsubsectotal=\dimen116
\tocsubsubsecnum=\dimen117
\tocsubsubsectotal=\dimen118
\tocparanum=\dimen119
\tocparatotal=\dimen120
\tocsubparanum=\dimen121
\@tempcntc=\count97
\fnindent=\dimen122
\c@@inst=\count98
\c@@auth=\count99
\c@auco=\count100
\instindent=\dimen123
\authrun=\box52
\authorrunning=\toks14
\tocauthor=\toks15
\titrun=\box53
\titlerunning=\toks16
\toctitle=\toks17
\c@theorem=\count101
\c@case=\count102
\c@conjecture=\count103
\c@corollary=\count104
\c@definition=\count105
\c@example=\count106
\c@exercise=\count107
\c@lemma=\count108
\c@note=\count109
\c@problem=\count110
\c@property=\count111
\c@proposition=\count112
\c@question=\count113
\c@solution=\count114
\c@remark=\count115
\headlineindent=\dimen124
)
("C:\Program Files\MiKTeX 2.9\tex\latex\geometry\geometry.sty"
Package: geometry 2010/09/12 v5.6 Page Geometry

("C:\Program Files\MiKTeX 2.9\tex\latex\graphics\keyval.sty"
Package: keyval 2014/10/28 v1.15 key=value parser (DPC)
\KV@toks@=\toks18
)
("C:\Program Files\MiKTeX 2.9\tex\generic\oberdiek\ifpdf.sty"
Package: ifpdf 2017/03/15 v3.2 Provides the ifpdf switch
)
("C:\Program Files\MiKTeX 2.9\tex\generic\oberdiek\ifvtex.sty"
Package: ifvtex 2016/05/16 v1.6 Detect VTeX and its facilities (HO)
Package ifvtex Info: VTeX not detected.
)
("C:\Program Files\MiKTeX 2.9\tex\generic\ifxetex\ifxetex.sty"
Package: ifxetex 2010/09/12 v0.6 Provides ifxetex conditional
)
\Gm@cnth=\count116
\Gm@cntv=\count117
\c@Gm@tempcnt=\count118
\Gm@bindingoffset=\dimen125
\Gm@wd@mp=\dimen126
\Gm@odd@mp=\dimen127
\Gm@even@mp=\dimen128
\Gm@layoutwidth=\dimen129
\Gm@layoutheight=\dimen130
\Gm@layouthoffset=\dimen131
\Gm@layoutvoffset=\dimen132
\Gm@dimlist=\toks19

("C:\Program Files\MiKTeX 2.9\tex\latex\geometry\geometry.cfg"))
("C:\Program Files\MiKTeX 2.9\tex\latex\graphics\graphicx.sty"
Package: graphicx 2017/06/01 v1.1a Enhanced LaTeX Graphics (DPC,SPQR)

("C:\Program Files\MiKTeX 2.9\tex\latex\graphics\graphics.sty"
Package: graphics 2017/06/25 v1.2c Standard LaTeX Graphics (DPC,SPQR)

("C:\Program Files\MiKTeX 2.9\tex\latex\graphics\trig.sty"
Package: trig 2016/01/03 v1.10 sin cos tan (DPC)
)
("C:\Program Files\MiKTeX 2.9\tex\latex\graphics-cfg\graphics.cfg"
File: graphics.cfg 2016/06/04 v1.11 sample graphics configuration
)
Package graphics Info: Driver file: pdftex.def on input line 99.

("C:\Program Files\MiKTeX 2.9\tex\latex\graphics-def\pdftex.def"
File: pdftex.def 2017/06/24 v1.0g Graphics/color driver for pdftex
))
\Gin@req@height=\dimen133
\Gin@req@width=\dimen134
)
("C:\Program Files\MiKTeX 2.9\tex\latex\float\float.sty"
Package: float 2001/11/08 v1.3d Float enhancements (AL)
\c@float@type=\count119
\float@exts=\toks20
\float@box=\box54
\@float@everytoks=\toks21
\@floatcapt=\box55
)
("C:\Program Files\MiKTeX 2.9\tex\latex\algorithm2e\algorithm2e.sty"
Package: algorithm2e 2017/07/18 v5.2 algorithms environments
\c@AlgoLine=\count120

("C:\Program Files\MiKTeX 2.9\tex\latex\base\ifthen.sty"
Package: ifthen 2014/09/29 v1.1c Standard LaTeX ifthen package (DPC)
)
\algocf@hangindent=\skip45

("C:\Program Files\MiKTeX 2.9\tex\latex\ifoddpage\ifoddpage.sty"
Package: ifoddpage 2016/04/23 v1.1 Conditionals for odd/even page detection
\c@checkoddpage=\count121
)
("C:\Program Files\MiKTeX 2.9\tex\latex\tools\xspace.sty"
Package: xspace 2014/10/28 v1.13 Space after command names (DPC,MH)
)
("C:\Program Files\MiKTeX 2.9\tex\latex\ltxmisc\relsize.sty"
Package: relsize 2003/07/04 ver 3.1
)
\skiptotal=\skip46
\skiplinenumber=\skip47
\skiprule=\skip48
\skiphlne=\skip49
\skiptext=\skip50
\skiplength=\skip51
\algomargin=\skip52
\skipalgocfslide=\skip53
\algowidth=\dimen135
\inoutsize=\dimen136
\inoutindent=\dimen137
\interspacetitleruled=\dimen138
\interspacealgoruled=\dimen139
\interspacetitleboxruled=\dimen140
\algocf@ruledwidth=\skip54
\algocf@inoutbox=\box56
\algocf@inputbox=\box57
\AlCapSkip=\skip55
\AlCapHSkip=\skip56
\algoskipindent=\skip57
\algocf@nlbox=\box58
\algocf@hangingbox=\box59
\algocf@untilbox=\box60
\algocf@skipuntil=\skip58
\algocf@capbox=\box61
\algocf@lcaptionbox=\skip59
\algoheightruledefault=\skip60
\algoheightrule=\skip61
\algotitleheightruledefault=\skip62
\algotitleheightrule=\skip63
\c@algocfline=\count122
\c@algocfproc=\count123
\c@algocf=\count124
\algocf@algoframe=\box62
\algocf@algobox=\box63
)
("C:\Program Files\MiKTeX 2.9\tex\latex\newtx\newtxmath.sty"
Package: newtxmath 2022/01/16 v1.71

`newtxmath' v1.71, 2022/01/16 Math macros based originally on txfonts (msharpe)
("C:\Program Files\MiKTeX 2.9\tex\latex\amsmath\amsmath.sty"
Package: amsmath 2017/09/02 v2.17a AMS math features
\@mathmargin=\skip64

For additional information on amsmath, use the `?' option.
("C:\Program Files\MiKTeX 2.9\tex\latex\amsmath\amstext.sty"
Package: amstext 2000/06/29 v2.01 AMS text

("C:\Program Files\MiKTeX 2.9\tex\latex\amsmath\amsgen.sty"
File: amsgen.sty 1999/11/30 v2.0 generic functions
\@emptytoks=\toks22
\ex@=\dimen141
))
("C:\Program Files\MiKTeX 2.9\tex\latex\amsmath\amsbsy.sty"
Package: amsbsy 1999/11/29 v1.2d Bold Symbols
\pmbraise@=\dimen142
)
("C:\Program Files\MiKTeX 2.9\tex\latex\amsmath\amsopn.sty"
Package: amsopn 2016/03/08 v2.02 operator names
)
\inf@bad=\count125
LaTeX Info: Redefining \frac on input line 213.
\uproot@=\count126
\leftroot@=\count127
LaTeX Info: Redefining \overline on input line 375.
\classnum@=\count128
\DOTSCASE@=\count129
LaTeX Info: Redefining \ldots on input line 472.
LaTeX Info: Redefining \dots on input line 475.
LaTeX Info: Redefining \cdots on input line 596.
\Mathstrutbox@=\box64
\strutbox@=\box65
\big@size=\dimen143
LaTeX Font Info:    Redeclaring font encoding OML on input line 712.
LaTeX Font Info:    Redeclaring font encoding OMS on input line 713.


Package amsmath Warning: Unable to redefine math accent \vec.

\macc@depth=\count130
\c@MaxMatrixCols=\count131
\dotsspace@=\muskip10
\c@parentequation=\count132
\dspbrk@lvl=\count133
\tag@help=\toks23
\row@=\count134
\column@=\count135
\maxfields@=\count136
\andhelp@=\toks24
\eqnshift@=\dimen144
\alignsep@=\dimen145
\tagshift@=\dimen146
\tagwidth@=\dimen147
\totwidth@=\dimen148
\lineht@=\dimen149
\@envbody=\toks25
\multlinegap=\skip65
\multlinetaggap=\skip66
\mathdisplay@stack=\toks26
LaTeX Info: Redefining \[ on input line 2817.
LaTeX Info: Redefining \] on input line 2818.
) ("C:\Program Files\MiKTeX 2.9\tex\latex\etoolbox\etoolbox.sty"
Package: etoolbox 2018/08/19 v2.5f e-TeX tools for LaTeX (JAW)
\etb@tempcnta=\count137
)
("C:\Program Files\MiKTeX 2.9\tex\generic\oberdiek\ifluatex.sty"
Package: ifluatex 2016/05/16 v1.4 Provides the ifluatex switch (HO)
Package ifluatex Info: LuaTeX not detected.
)
("C:\Program Files\MiKTeX 2.9\tex\latex\xkeyval\xkeyval.sty"
Package: xkeyval 2014/12/03 v2.7a package option processing (HA)

("C:\Program Files\MiKTeX 2.9\tex\generic\xkeyval\xkeyval.tex"
("C:\Program Files\MiKTeX 2.9\tex\generic\xkeyval\xkvutils.tex"
\XKV@toks=\toks27
\XKV@tempa@toks=\toks28
)
\XKV@depth=\count138
File: xkeyval.tex 2014/12/03 v2.7a key=value parser (HA)
))
("C:\Program Files\MiKTeX 2.9\tex\latex\oberdiek\centernot.sty"
Package: centernot 2016/05/16 v1.4 Centers the not symbol horizontally (HO)
)
\tx@cntz=\count139

("C:\Program Files\MiKTeX 2.9\tex\generic\binhex\binhex.tex")
\tx@Isdigit=\count140
\tx@IsAlNum=\count141
\tx@tA=\toks29
\tx@tB=\toks30
\tx@su=\read1

amsthm NOT loaded
LaTeX Font Info:    Redeclaring symbol font `operators' on input line 376.
LaTeX Font Info:    Overwriting symbol font `operators' in version `normal'
(Font)                  OT1/cmr/m/n --> OT1/cmr/m/n on input line 376.
LaTeX Font Info:    Overwriting symbol font `operators' in version `bold'
(Font)                  OT1/cmr/bx/n --> OT1/cmr/m/n on input line 376.
LaTeX Font Info:    Overwriting symbol font `operators' in version `bold'
(Font)                  OT1/cmr/m/n --> OT1/cmr/b/n on input line 377.
LaTeX Font Info:    Redeclaring math alphabet \mathsf on input line 383.
LaTeX Font Info:    Overwriting math alphabet `\mathsf' in version `normal'
(Font)                  OT1/cmss/m/n --> OT1/cmss/m/n on input line 383.
LaTeX Font Info:    Overwriting math alphabet `\mathsf' in version `bold'
(Font)                  OT1/cmss/bx/n --> OT1/cmss/m/n on input line 383.
LaTeX Font Info:    Redeclaring math alphabet \mathit on input line 384.
LaTeX Font Info:    Overwriting math alphabet `\mathit' in version `normal'
(Font)                  OT1/cmr/m/it --> OT1/cmr/m/it on input line 384.
LaTeX Font Info:    Overwriting math alphabet `\mathit' in version `bold'
(Font)                  OT1/cmr/bx/it --> OT1/cmr/m/it on input line 384.
LaTeX Font Info:    Redeclaring math alphabet \mathtt on input line 385.
LaTeX Font Info:    Overwriting math alphabet `\mathtt' in version `normal'
(Font)                  OT1/cmtt/m/n --> OT1/cmtt/m/n on input line 385.
LaTeX Font Info:    Overwriting math alphabet `\mathtt' in version `bold'
(Font)                  OT1/cmtt/m/n --> OT1/cmtt/m/n on input line 385.
LaTeX Font Info:    Redeclaring math alphabet \mathbf on input line 387.
LaTeX Font Info:    Overwriting math alphabet `\mathbf' in version `normal'
(Font)                  OT1/cmr/bx/n --> OT1/cmr/b/n on input line 387.
LaTeX Font Info:    Overwriting math alphabet `\mathbf' in version `bold'
(Font)                  OT1/cmr/bx/n --> OT1/cmr/b/n on input line 387.
LaTeX Font Info:    Overwriting math alphabet `\mathit' in version `bold'
(Font)                  OT1/cmr/m/it --> OT1/cmr/b/it on input line 388.
LaTeX Font Info:    Overwriting math alphabet `\mathsf' in version `bold'
(Font)                  OT1/cmss/m/n --> OT1/cmss/b/n on input line 389.
LaTeX Font Info:    Overwriting math alphabet `\mathtt' in version `bold'
(Font)                  OT1/cmtt/m/n --> OT1/cmtt/b/n on input line 390.
LaTeX Font Info:    Redeclaring symbol font `letters' on input line 491.
LaTeX Font Info:    Overwriting symbol font `letters' in version `normal'
(Font)                  OML/cmm/m/it --> OML/ntxmi/m/it on input line 491.
LaTeX Font Info:    Overwriting symbol font `letters' in version `bold'
(Font)                  OML/cmm/b/it --> OML/ntxmi/m/it on input line 491.
LaTeX Font Info:    Overwriting symbol font `letters' in version `bold'
(Font)                  OML/ntxmi/m/it --> OML/ntxmi/b/it on input line 492.
\symlettersA=\mathgroup4
LaTeX Font Info:    Overwriting symbol font `lettersA' in version `bold'
(Font)                  U/ntxmia/m/it --> U/ntxmia/b/it on input line 547.
LaTeX Font Info:    Redeclaring symbol font `symbols' on input line 568.
LaTeX Font Info:    Encoding `OMS' has changed to `LMS' for symbol font
(Font)              `symbols' in the math version `normal' on input line 568.
LaTeX Font Info:    Overwriting symbol font `symbols' in version `normal'
(Font)                  OMS/cmsy/m/n --> LMS/ntxsy/m/n on input line 568.
LaTeX Font Info:    Encoding `OMS' has changed to `LMS' for symbol font
(Font)              `symbols' in the math version `bold' on input line 568.
LaTeX Font Info:    Overwriting symbol font `symbols' in version `bold'
(Font)                  OMS/cmsy/b/n --> LMS/ntxsy/m/n on input line 568.
LaTeX Font Info:    Overwriting symbol font `symbols' in version `bold'
(Font)                  LMS/ntxsy/m/n --> LMS/ntxsy/b/n on input line 569.
\symAMSm=\mathgroup5
LaTeX Font Info:    Overwriting symbol font `AMSm' in version `bold'
(Font)                  U/ntxsym/m/n --> U/ntxsym/b/n on input line 594.
\symsymbolsC=\mathgroup6
LaTeX Font Info:    Overwriting symbol font `symbolsC' in version `bold'
(Font)                  U/ntxsyc/m/n --> U/ntxsyc/b/n on input line 615.
LaTeX Font Info:    Redeclaring symbol font `largesymbols' on input line 628.
LaTeX Font Info:    Encoding `OMX' has changed to `LMX' for symbol font
(Font)              `largesymbols' in the math version `normal' on input line 6
28.
LaTeX Font Info:    Overwriting symbol font `largesymbols' in version `normal'
(Font)                  OMX/cmex/m/n --> LMX/ntxexx/m/n on input line 628.
LaTeX Font Info:    Encoding `OMX' has changed to `LMX' for symbol font
(Font)              `largesymbols' in the math version `bold' on input line 628
.
LaTeX Font Info:    Overwriting symbol font `largesymbols' in version `bold'
(Font)                  OMX/cmex/m/n --> LMX/ntxexx/m/n on input line 628.
LaTeX Font Info:    Overwriting symbol font `largesymbols' in version `bold'
(Font)                  LMX/ntxexx/m/n --> LMX/ntxexx/b/n on input line 629.
\symlargesymbolsTXA=\mathgroup7
LaTeX Font Info:    Overwriting symbol font `largesymbolsTXA' in version `bold'

(Font)                  U/ntxexa/m/n --> U/ntxexa/b/n on input line 643.
\tx@sbptoks=\toks31
LaTeX Font Info:    Redeclaring math delimiter \lfloor on input line 866.
LaTeX Font Info:    Redeclaring math delimiter \rfloor on input line 867.
LaTeX Font Info:    Redeclaring math delimiter \lceil on input line 868.
LaTeX Font Info:    Redeclaring math delimiter \rceil on input line 869.
LaTeX Font Info:    Redeclaring math delimiter \lbrace on input line 870.
LaTeX Font Info:    Redeclaring math delimiter \rbrace on input line 871.
LaTeX Font Info:    Redeclaring math delimiter \langle on input line 872.
LaTeX Font Info:    Redeclaring math delimiter \rangle on input line 874.
LaTeX Font Info:    Redeclaring math delimiter \arrowvert on input line 878.
LaTeX Font Info:    Redeclaring math delimiter \vert on input line 879.
LaTeX Info: Redefining \Bbbk on input line 2810.
LaTeX Info: Redefining \not on input line 2959.
) ("C:\Program Files\MiKTeX 2.9\tex\latex\base\fixltx2e.sty"
Package: fixltx2e 2016/12/29 v2.1a fixes to LaTeX (obsolete)
Applying: [2015/01/01] Old fixltx2e package on input line 46.


Package fixltx2e Warning: fixltx2e is not required with releases after 2015
(fixltx2e)                All fixes are now in the LaTeX kernel.
(fixltx2e)                See the latexrelease package for details.

Already applied: [0000/00/00] Old fixltx2e package on input line 53.
) ("C:\Program Files\MiKTeX 2.9\tex\latex\acronym\acronym.sty"
Package: acronym 2020/04/17 v1.47 Support for acronyms (Tobias Oetiker)

("C:\Program Files\MiKTeX 2.9\tex\latex\bigfoot\suffix.sty"
Package: suffix 2006/07/15 1.5a Variant command support
)
("C:\Program Files\MiKTeX 2.9\tex\latex\xstring\xstring.sty"
("C:\Program Files\MiKTeX 2.9\tex\generic\xstring\xstring.tex"
\integerpart=\count142
\decimalpart=\count143
)
Package: xstring 2021/07/21 v1.84 String manipulations (CT)
)
\AC@clearlist=\toks32
)
("C:\Program Files\MiKTeX 2.9\tex\latex\hyperref\hyperref.sty"
Package: hyperref 2017/03/14 v6.85a Hypertext links for LaTeX

("C:\Program Files\MiKTeX 2.9\tex\generic\oberdiek\hobsub-hyperref.sty"
Package: hobsub-hyperref 2016/05/16 v1.14 Bundle oberdiek, subset hyperref (HO)


("C:\Program Files\MiKTeX 2.9\tex\generic\oberdiek\hobsub-generic.sty"
Package: hobsub-generic 2016/05/16 v1.14 Bundle oberdiek, subset generic (HO)
Package: hobsub 2016/05/16 v1.14 Construct package bundles (HO)
Package: infwarerr 2016/05/16 v1.4 Providing info/warning/error messages (HO)
Package: ltxcmds 2016/05/16 v1.23 LaTeX kernel commands for general use (HO)
Package hobsub Info: Skipping package `ifluatex' (already loaded).
Package hobsub Info: Skipping package `ifvtex' (already loaded).
Package: intcalc 2016/05/16 v1.2 Expandable calculations with integers (HO)
Package hobsub Info: Skipping package `ifpdf' (already loaded).
Package: etexcmds 2016/05/16 v1.6 Avoid name clashes with e-TeX commands (HO)
Package etexcmds Info: Could not find \expanded.
(etexcmds)             That can mean that you are not using pdfTeX 1.50 or
(etexcmds)             that some package has redefined \expanded.
(etexcmds)             In the latter case, load this package earlier.
Package: kvsetkeys 2016/05/16 v1.17 Key value parser (HO)
Package: kvdefinekeys 2016/05/16 v1.4 Define keys (HO)
Package: pdftexcmds 2017/03/19 v0.25 Utility functions of pdfTeX for LuaTeX (HO
)
Package pdftexcmds Info: LuaTeX not detected.
Package pdftexcmds Info: \pdf@primitive is available.
Package pdftexcmds Info: \pdf@ifprimitive is available.
Package pdftexcmds Info: \pdfdraftmode found.
Package: pdfescape 2016/05/16 v1.14 Implements pdfTeX's escape features (HO)
Package: bigintcalc 2016/05/16 v1.4 Expandable calculations on big integers (HO
)
Package: bitset 2016/05/16 v1.2 Handle bit-vector datatype (HO)
Package: uniquecounter 2016/05/16 v1.3 Provide unlimited unique counter (HO)
)
Package hobsub Info: Skipping package `hobsub' (already loaded).
Package: letltxmacro 2016/05/16 v1.5 Let assignment for LaTeX macros (HO)
Package: hopatch 2016/05/16 v1.3 Wrapper for package hooks (HO)
Package: xcolor-patch 2016/05/16 xcolor patch
Package: atveryend 2016/05/16 v1.9 Hooks at the very end of document (HO)
Package: atbegshi 2016/06/09 v1.18 At begin shipout hook (HO)
Package: refcount 2016/05/16 v3.5 Data extraction from label references (HO)
Package: hycolor 2016/05/16 v1.8 Color options for hyperref/bookmark (HO)
)
("C:\Program Files\MiKTeX 2.9\tex\latex\oberdiek\auxhook.sty"
Package: auxhook 2016/05/16 v1.4 Hooks for auxiliary files (HO)
)
("C:\Program Files\MiKTeX 2.9\tex\latex\oberdiek\kvoptions.sty"
Package: kvoptions 2016/05/16 v3.12 Key value format for package options (HO)
)
\@linkdim=\dimen150
\Hy@linkcounter=\count144
\Hy@pagecounter=\count145

("C:\Program Files\MiKTeX 2.9\tex\latex\hyperref\pd1enc.def"
File: pd1enc.def 2017/03/14 v6.85a Hyperref: PDFDocEncoding definition (HO)
)
\Hy@SavedSpaceFactor=\count146

("C:\Program Files\MiKTeX 2.9\tex\latex\00miktex\hyperref.cfg"
File: hyperref.cfg 2002/06/06 v1.2 hyperref configuration of TeXLive
)
Package hyperref Info: Hyper figures OFF on input line 4498.
Package hyperref Info: Link nesting OFF on input line 4503.
Package hyperref Info: Hyper index ON on input line 4506.
Package hyperref Info: Plain pages OFF on input line 4513.
Package hyperref Info: Backreferencing OFF on input line 4518.
Package hyperref Info: Implicit mode ON; LaTeX internals redefined.
Package hyperref Info: Bookmarks ON on input line 4751.
\c@Hy@tempcnt=\count147

("C:\Program Files\MiKTeX 2.9\tex\latex\url\url.sty"
\Urlmuskip=\muskip11
Package: url 2013/09/16  ver 3.4  Verb mode for urls, etc.
)
LaTeX Info: Redefining \url on input line 5104.
\XeTeXLinkMargin=\dimen151
\Fld@menulength=\count148
\Field@Width=\dimen152
\Fld@charsize=\dimen153
Package hyperref Info: Hyper figures OFF on input line 6358.
Package hyperref Info: Link nesting OFF on input line 6363.
Package hyperref Info: Hyper index ON on input line 6366.
Package hyperref Info: backreferencing OFF on input line 6373.
Package hyperref Info: Link coloring OFF on input line 6378.
Package hyperref Info: Link coloring with OCG OFF on input line 6383.
Package hyperref Info: PDF/A mode OFF on input line 6388.
LaTeX Info: Redefining \ref on input line 6428.
LaTeX Info: Redefining \pageref on input line 6432.
\Hy@abspage=\count149
\c@Item=\count150
\c@Hfootnote=\count151
)

Package hyperref Message: Driver (autodetected): hpdftex.

("C:\Program Files\MiKTeX 2.9\tex\latex\hyperref\hpdftex.def"
File: hpdftex.def 2017/03/14 v6.85a Hyperref driver for pdfTeX
\Fld@listcount=\count152
\c@bookmark@seq@number=\count153

("C:\Program Files\MiKTeX 2.9\tex\latex\oberdiek\rerunfilecheck.sty"
Package: rerunfilecheck 2016/05/16 v1.8 Rerun checks for auxiliary files (HO)
Package uniquecounter Info: New unique counter `rerunfilecheck' on input line 2
82.
)
\Hy@SectionHShift=\skip67
)
("ECE 650 - Project Report.aux"

LaTeX Warning: Label `getgpx' multiply defined.


LaTeX Warning: Label `getgpx' multiply defined.


LaTeX Warning: Label `tab1' multiply defined.

)
\openout1 = `"ECE 650 - Project Report.aux"'.

LaTeX Font Info:    Checking defaults for OML/ntxmi/m/it on input line 28.
LaTeX Font Info:    Try loading font information for OML+ntxmi on input line 28
.
 ("C:\Program Files\MiKTeX 2.9\tex\latex\newtx\omlntxmi.fd"
File: omlntxmi.fd 2015/08/25 Fontinst v1.933 font definitions for OML/ntxmi.
)
LaTeX Font Info:    ... okay on input line 28.
LaTeX Font Info:    Checking defaults for T1/cmr/m/n on input line 28.
LaTeX Font Info:    ... okay on input line 28.
LaTeX Font Info:    Checking defaults for OT1/cmr/m/n on input line 28.
LaTeX Font Info:    ... okay on input line 28.
LaTeX Font Info:    Checking defaults for OMS/cmsy/m/n on input line 28.
LaTeX Font Info:    ... okay on input line 28.
LaTeX Font Info:    Checking defaults for OMX/cmex/m/n on input line 28.
LaTeX Font Info:    ... okay on input line 28.
LaTeX Font Info:    Checking defaults for U/ntxexa/m/n on input line 28.
LaTeX Font Info:    Try loading font information for U+ntxexa on input line 28.


("C:\Program Files\MiKTeX 2.9\tex\latex\newtx\untxexa.fd"
File: untxexa.fd 2012/04/16 Fontinst v1.933 font definitions for U/ntxexa.
)
LaTeX Font Info:    ... okay on input line 28.
LaTeX Font Info:    Checking defaults for LMS/ntxsy/m/n on input line 28.
LaTeX Font Info:    Try loading font information for LMS+ntxsy on input line 28
.

("C:\Program Files\MiKTeX 2.9\tex\latex\newtx\lmsntxsy.fd"
File: lmsntxsy.fd 2016/07/02 Fontinst v1.933 font definitions for LMS/ntxsy.
)
LaTeX Font Info:    ... okay on input line 28.
LaTeX Font Info:    Checking defaults for LMX/ntxexx/m/n on input line 28.
LaTeX Font Info:    Try loading font information for LMX+ntxexx on input line 2
8.

("C:\Program Files\MiKTeX 2.9\tex\latex\newtx\lmxntxexx.fd"
File: lmxntxexx.fd 2016/07/03 Fontinst v1.933 font definitions for LMX/ntxexx.
)
LaTeX Font Info:    ... okay on input line 28.
LaTeX Font Info:    Checking defaults for PD1/pdf/m/n on input line 28.
LaTeX Font Info:    ... okay on input line 28.

*geometry* driver: auto-detecting
*geometry* detected driver: pdftex
*geometry* verbose mode - [ preamble ] result:
* driver: pdftex
* paper: <default>
* layout: <same size as paper>
* layoutoffset:(h,v)=(0.0pt,0.0pt)
* modes: twoside 
* h-part:(L,W,R)=(71.13188pt, 472.03123pt, 71.13188pt)
* v-part:(T,H,B)=(71.13188pt, 652.70622pt, 71.13188pt)
* \paperwidth=614.295pt
* \paperheight=794.96999pt
* \textwidth=472.03123pt
* \textheight=652.70622pt
* \oddsidemargin=-1.1381pt
* \evensidemargin=-1.1381pt
* \topmargin=-29.1381pt
* \headheight=12.0pt
* \headsep=16.0pt
* \topskip=11.0pt
* \footskip=30.0pt
* \marginparwidth=90.0pt
* \marginparsep=10.0pt
* \columnsep=10.0pt
* \skip\footins=10.0pt plus 4.0pt minus 2.0pt
* \hoffset=0.0pt
* \voffset=0.0pt
* \mag=1000
* \@twocolumnfalse
* \@twosidetrue
* \@mparswitchtrue
* \@reversemarginfalse
* (1in=72.27pt=25.4mm, 1cm=28.453pt)

("C:\Program Files\MiKTeX 2.9\tex\context\base\supp-pdf.mkii"
[Loading MPS to PDF converter (version 2006.09.02).]
\scratchcounter=\count154
\scratchdimen=\dimen154
\scratchbox=\box66
\nofMPsegments=\count155
\nofMParguments=\count156
\everyMPshowfont=\toks33
\MPscratchCnt=\count157
\MPscratchDim=\dimen155
\MPnumerator=\count158
\makeMPintoPDFobject=\count159
\everyMPtoPDFconversion=\toks34
) ("C:\Program Files\MiKTeX 2.9\tex\latex\oberdiek\epstopdf-base.sty"
Package: epstopdf-base 2016/05/15 v2.6 Base part for package epstopdf

("C:\Program Files\MiKTeX 2.9\tex\latex\oberdiek\grfext.sty"
Package: grfext 2016/05/16 v1.2 Manage graphics extensions (HO)
)
Package epstopdf-base Info: Redefining graphics rule for `.eps' on input line 4
38.
Package grfext Info: Graphics extension search list:
(grfext)             [.pdf,.png,.jpg,.mps,.jpeg,.jbig2,.jb2,.PDF,.PNG,.JPG,.JPE
G,.JBIG2,.JB2,.eps]
(grfext)             \AppendGraphicsExtensions on input line 456.
)
\AtBeginShipoutBox=\box67
Package hyperref Info: Link coloring OFF on input line 28.

("C:\Program Files\MiKTeX 2.9\tex\latex\hyperref\nameref.sty"
Package: nameref 2016/05/21 v2.44 Cross-referencing by name of section

("C:\Program Files\MiKTeX 2.9\tex\generic\oberdiek\gettitlestring.sty"
Package: gettitlestring 2016/05/16 v1.5 Cleanup title references (HO)
)
\c@section@level=\count160
)
LaTeX Info: Redefining \ref on input line 28.
LaTeX Info: Redefining \pageref on input line 28.
LaTeX Info: Redefining \nameref on input line 28.

("ECE 650 - Project Report.out") ("ECE 650 - Project Report.out")
\@outlinefile=\write3
\openout3 = `"ECE 650 - Project Report.out"'.



LaTeX Font Warning: Font shape `OT1/cmr/b/n' in size <10.5> not available
(Font)              size <10.95> substituted on input line 51.

LaTeX Font Info:    Try loading font information for U+ntxmia on input line 51.

("C:\Program Files\MiKTeX 2.9\tex\latex\newtx\untxmia.fd"
File: untxmia.fd 2018/04/14 Fontinst v1.933 font definitions for U/ntxmia.
)
LaTeX Font Info:    Try loading font information for U+ntxsym on input line 51.


("C:\Program Files\MiKTeX 2.9\tex\latex\newtx\untxsym.fd"
File: untxsym.fd 2015/03/20 Fontinst v1.933 font definitions for U/ntxsym.
)
LaTeX Font Info:    Try loading font information for U+ntxsyc on input line 51.


("C:\Program Files\MiKTeX 2.9\tex\latex\newtx\untxsyc.fd"
File: untxsyc.fd 2012/04/12 Fontinst v1.933 font definitions for U/ntxsyc.
)

LaTeX Font Warning: Font shape `OT1/cmr/m/n' in size <10.5> not available
(Font)              size <10.95> substituted on input line 51.

LaTeX Font Info:    Calculating math sizes for size <10.5> on input line 51.

LaTeX Font Warning: Font shape `OT1/cmr/m/n' in size <5.5> not available
(Font)              size <5> substituted on input line 51.

LaTeX Font Info:    Calculating math sizes for size <7.3> on input line 51.

LaTeX Font Warning: Font shape `OT1/cmr/m/n' in size <4.01501> not available
(Font)              size <5> substituted on input line 51.


Package hyperref Warning: Token not allowed in a PDF string (PDFDocEncoding):
(hyperref)                removing `\\' on input line 51.


Package hyperref Warning: Token not allowed in a PDF string (PDFDocEncoding):
(hyperref)                removing `\unskip' on input line 51.

LaTeX Font Info:    Try loading font information for OMS+cmr on input line 58.
("C:\Program Files\MiKTeX 2.9\tex\latex\base\omscmr.fd"
File: omscmr.fd 2014/09/29 v2.5h Standard LaTeX font definitions
)
LaTeX Font Info:    Font shape `OMS/cmr/m/n' in size <9> not available
(Font)              Font shape `OMS/cmsy/m/n' tried instead on input line 58.


LaTeX Warning: No positions in optional float specifier.
               Default added (so using `!htbp') on input line 64.


Underfull \hbox (badness 10000) in paragraph at lines 119--121

 []


Underfull \hbox (badness 10000) in paragraph at lines 119--121

 []

[1

{C:/ProgramData/MiKTeX/2.9/pdftex/config/pdftex.map}]
Underfull \hbox (badness 10000) in paragraph at lines 163--164

 []


Underfull \hbox (badness 10000) in paragraph at lines 183--185

 []

<original_time_vs_n.png, id=42, 686.565pt x 668.4975pt>
File: original_time_vs_n.png Graphic file (type png)
<use original_time_vs_n.png>
Package pdftex.def Info: original_time_vs_n.png  used on input line 187. on inp
ut line 187.
Package pdftex.def Info: Requested size: 396.5045pt x 386.06615pt on input line
 187.
[2] [3 <./original_time_vs_n.png>]
Underfull \hbox (badness 10000) in paragraph at lines 219--220

 []


Overfull \hbox (13.27057pt too wide) in paragraph at lines 227--239
[][] 
 []

<original_ar_vs_n.png, id=76, 677.53125pt x 674.52pt>
File: original_ar_vs_n.png Graphic file (type png)
<use original_ar_vs_n.png>
Package pdftex.def Info: original_ar_vs_n.png  used on input line 258. on input
 line 258.
Package pdftex.def Info: Requested size: 188.8096pt x 187.96887pt on input line
 258.

Underfull \hbox (badness 10000) in paragraph at lines 264--265

 []

[4 <./original_ar_vs_n.png>]
Underfull \hbox (badness 10000) in paragraph at lines 267--268

 []


Underfull \hbox (badness 10000) in paragraph at lines 269--275

 []


Underfull \hbox (badness 10000) in paragraph at lines 321--322

 []


Overfull \hbox (37.041pt too wide) detected at line 332
[]
 []


Underfull \hbox (badness 10000) in paragraph at lines 348--349

 []

[5]
Underfull \hbox (badness 10000) in paragraph at lines 350--351

 []


Underfull \hbox (badness 10000) in paragraph at lines 407--408

 []

[6]
<optimized_time_vs_n.png, id=109, 686.565pt x 673.01437pt>
File: optimized_time_vs_n.png Graphic file (type png)
<use optimized_time_vs_n.png>
Package pdftex.def Info: optimized_time_vs_n.png  used on input line 416. on in
put line 416.
Package pdftex.def Info: Requested size: 415.38979pt x 407.19035pt on input lin
e 416.
 [7 <./optimized_time_vs_n.png>]
<optimized_ar_vs_n.png, id=120, 679.03688pt x 676.02562pt>
File: optimized_ar_vs_n.png Graphic file (type png)
<use optimized_ar_vs_n.png>
Package pdftex.def Info: optimized_ar_vs_n.png  used on input line 433. on inpu
t line 433.
Package pdftex.def Info: Requested size: 354.02342pt x 352.4534pt on input line
 433.

Underfull \hbox (badness 10000) in paragraph at lines 448--449

 []


Underfull \hbox (badness 10000) in paragraph at lines 452--453

 []

[8 <./optimized_ar_vs_n.png>]
Underfull \hbox (badness 10000) in paragraph at lines 459--460

 []


Underfull \hbox (badness 10000) in paragraph at lines 465--466

 []


Underfull \hbox (badness 10000) in paragraph at lines 467--468

 []


Underfull \hbox (badness 10000) in paragraph at lines 476--477

 []

[9]
Underfull \hbox (badness 10000) in paragraph at lines 482--483

 []


Underfull \hbox (badness 10000) in paragraph at lines 485--487

 []

Package atveryend Info: Empty hook `BeforeClearDocument' on input line 515.
[10]
Package atveryend Info: Empty hook `AfterLastShipout' on input line 515.
 ("ECE 650 - Project Report.aux")
Package atveryend Info: Executing hook `AtVeryEndDocument' on input line 515.
Package atveryend Info: Executing hook `AtEndAfterFileList' on input line 515.
Package rerunfilecheck Info: File `"ECE 650 - Project Report".out' has not chan
ged.
(rerunfilecheck)             Checksum: ACB811023BA91F4D7B815F74BD834D8F;116.


LaTeX Font Warning: Size substitutions with differences
(Font)              up to 0.98499pt have occurred.


LaTeX Warning: There were multiply-defined labels.

 ) 
Here is how much of TeX's memory you used:
 10324 strings out of 493312
 142578 string characters out of 3138896
 256595 words of memory out of 3000000
 13637 multiletter control sequences out of 15000+200000
 58731 words of font info for 146 fonts, out of 3000000 for 9000
 1141 hyphenation exceptions out of 8191
 34i,22n,37p,844b,483s stack positions out of 5000i,500n,10000p,200000b,50000s
<C:/Program Files/MiKTeX 2.9/fonts/type1/public/newtx/NewTXBMI.pfb><C:/Progra
m Files/MiKTeX 2.9/fonts/type1/public/newtx/NewTXMI.pfb><C:/Program Files/MiKTe
X 2.9/fonts/type1/public/newtx/NewTXMI7.pfb><C:/Program Files/MiKTeX 2.9/fonts/
type1/public/amsfonts/cm/cmbx10.pfb><C:/Program Files/MiKTeX 2.9/fonts/type1/pu
blic/amsfonts/cm/cmbx12.pfb><C:/Program Files/MiKTeX 2.9/fonts/type1/public/ams
fonts/cm/cmbx9.pfb><C:/Program Files/MiKTeX 2.9/fonts/type1/public/amsfonts/cm/
cmr10.pfb><C:/Program Files/MiKTeX 2.9/fonts/type1/public/amsfonts/cm/cmr8.pfb>
<C:/Program Files/MiKTeX 2.9/fonts/type1/public/amsfonts/cm/cmr9.pfb><C:/Progra
m Files/MiKTeX 2.9/fonts/type1/public/amsfonts/cm/cmsy9.pfb><C:/Program Files/M
iKTeX 2.9/fonts/type1/public/amsfonts/cm/cmti10.pfb><C:/Program Files/MiKTeX 2.
9/fonts/type1/public/amsfonts/cm/cmtt10.pfb><C:/Program Files/MiKTeX 2.9/fonts/
type1/public/amsfonts/cm/cmtt9.pfb><C:/Program Files/MiKTeX 2.9/fonts/type1/pub
lic/newtx/txmiaX.pfb><C:/Program Files/MiKTeX 2.9/fonts/type1/public/newtx/txsy
s.pfb>
Output written on "ECE 650 - Project Report.pdf" (10 pages, 317470 bytes).
PDF statistics:
 229 PDF objects out of 1000 (max. 8388607)
 54 named destinations out of 1000 (max. 500000)
 29 words of extra memory for PDF output out of 10000 (max. 10000000)

